<?xml version="1.0" encoding="UTF-8"?>
<!-- Generated by org.testng.reporters.JUnitXMLReporter -->
<testsuite ignored="0" hostname="DESKTOP-SGJQPF4" failures="2" tests="2" name="Regrassion" time="0.047" errors="0" timestamp="2023-09-16T00:59:28 EET">
  <testcase classname="Package.Login" name="Login" time="0.0">
    <failure type="org.testng.TestNGException" message="
Cannot inject @Test annotated Method [Login] with [class io.appium.java_client.android.AndroidDriver].
For more information on native dependency injection please refer to https://testng.org/doc/documentation-main.html#native-dependency-injection">
      <![CDATA[org.testng.TestNGException: 
Cannot inject @Test annotated Method [Login] with [class io.appium.java_client.android.AndroidDriver].
For more information on native dependency injection please refer to https://testng.org/doc/documentation-main.html#native-dependency-injection
at java.base/java.util.ArrayList.forEach(ArrayList.java:1511)
... Removed 26 stack frames]]>
    </failure>
  </testcase> <!-- Login -->
  <testcase classname="Package.Redec" name="Redec" time="0.0">
    <failure type="org.testng.TestNGException" message="
Cannot inject @Test annotated Method [Redec] with [class io.appium.java_client.android.AndroidDriver].
For more information on native dependency injection please refer to https://testng.org/doc/documentation-main.html#native-dependency-injection">
      <![CDATA[org.testng.TestNGException: 
Cannot inject @Test annotated Method [Redec] with [class io.appium.java_client.android.AndroidDriver].
For more information on native dependency injection please refer to https://testng.org/doc/documentation-main.html#native-dependency-injection
at java.base/java.util.ArrayList.forEach(ArrayList.java:1511)
... Removed 26 stack frames]]>
    </failure>
  </testcase> <!-- Redec -->
</testsuite> <!-- Regrassion -->
