<?xml version="1.0" encoding="UTF-8"?>
<!-- Generated by org.testng.reporters.JUnitXMLReporter -->
<testsuite ignored="0" hostname="DESKTOP-SGJQPF4" failures="1" tests="1" name="Test" time="59.694" errors="0" timestamp="2023-09-16T23:51:45 EET">
  <testcase classname="Package.MainPage" name="@AfterClass afterclass" time="0.033">
    <failure type="org.openqa.selenium.UnsupportedCommandException" message="The requested resource could not be found, or a request was received using an HTTP method that is not supported by the mapped resource
Build info: version: &amp;apos;4.11.0&amp;apos;, revision: &amp;apos;040bc5406b&amp;apos;
System info: os.name: &amp;apos;Windows 11&amp;apos;, os.arch: &amp;apos;amd64&amp;apos;, os.version: &amp;apos;10.0&amp;apos;, java.version: &amp;apos;17.0.4&amp;apos;
Driver info: io.appium.java_client.android.AndroidDriver
Command: [c53c92d5-22b7-4c1a-aa0d-233dc5018c44, close {}]
Capabilities {appium:app: C:\Users\Lenovo\eclipse-wor..., appium:appPackage: com.momkn.newapp, appium:databaseEnabled: false, appium:desired: {app: C:\Users\Lenovo\eclipse-wor..., deviceName: MTP USB Device, platformName: ANDROID, platformVersion: 7.1.2}, appium:deviceApiLevel: 25, appium:deviceManufacturer: PAX, appium:deviceModel: A920, appium:deviceName: 0822314754, appium:deviceScreenDensity: 320, appium:deviceScreenSize: 720x1280, appium:deviceUDID: 0822314754, appium:javascriptEnabled: true, appium:locationContextEnabled: false, appium:networkConnectionEnabled: true, appium:pixelRatio: 2, appium:platformVersion: 7.1.2, appium:statBarHeight: 48, appium:takesScreenshot: true, appium:viewportRect: {height: 1136, left: 0, top: 48, width: 720}, appium:warnings: {}, appium:webStorageEnabled: false, platformName: ANDROID}
Session ID: c53c92d5-22b7-4c1a-aa0d-233dc5018c44">
      <![CDATA[org.openqa.selenium.UnsupportedCommandException: The requested resource could not be found, or a request was received using an HTTP method that is not supported by the mapped resource
Build info: version: '4.11.0', revision: '040bc5406b'
System info: os.name: 'Windows 11', os.arch: 'amd64', os.version: '10.0', java.version: '17.0.4'
Driver info: io.appium.java_client.android.AndroidDriver
Command: [c53c92d5-22b7-4c1a-aa0d-233dc5018c44, close {}]
Capabilities {appium:app: C:\Users\Lenovo\eclipse-wor..., appium:appPackage: com.momkn.newapp, appium:databaseEnabled: false, appium:desired: {app: C:\Users\Lenovo\eclipse-wor..., deviceName: MTP USB Device, platformName: ANDROID, platformVersion: 7.1.2}, appium:deviceApiLevel: 25, appium:deviceManufacturer: PAX, appium:deviceModel: A920, appium:deviceName: 0822314754, appium:deviceScreenDensity: 320, appium:deviceScreenSize: 720x1280, appium:deviceUDID: 0822314754, appium:javascriptEnabled: true, appium:locationContextEnabled: false, appium:networkConnectionEnabled: true, appium:pixelRatio: 2, appium:platformVersion: 7.1.2, appium:statBarHeight: 48, appium:takesScreenshot: true, appium:viewportRect: {height: 1136, left: 0, top: 48, width: 720}, appium:warnings: {}, appium:webStorageEnabled: false, platformName: ANDROID}
Session ID: c53c92d5-22b7-4c1a-aa0d-233dc5018c44
at org.openqa.selenium.remote.codec.w3c.W3CHttpResponseCodec.createException(W3CHttpResponseCodec.java:200)
at org.openqa.selenium.remote.codec.w3c.W3CHttpResponseCodec.decode(W3CHttpResponseCodec.java:133)
at org.openqa.selenium.remote.codec.w3c.W3CHttpResponseCodec.decode(W3CHttpResponseCodec.java:52)
at org.openqa.selenium.remote.HttpCommandExecutor.execute(HttpCommandExecutor.java:191)
at io.appium.java_client.remote.AppiumCommandExecutor.execute(AppiumCommandExecutor.java:250)
at org.openqa.selenium.remote.RemoteWebDriver.execute(RemoteWebDriver.java:518)
at org.openqa.selenium.remote.RemoteWebDriver.execute(RemoteWebDriver.java:591)
at io.appium.java_client.AppiumDriver.execute(AppiumDriver.java:313)
at org.openqa.selenium.remote.RemoteWebDriver.close(RemoteWebDriver.java:405)
at Package.MainPage.afterclass(MainPage.java:29)
at java.base/java.util.ArrayList.forEach(ArrayList.java:1511)
at java.base/java.util.concurrent.FutureTask.run(FutureTask.java:264)
at java.base/java.util.concurrent.ThreadPoolExecutor.runWorker(ThreadPoolExecutor.java:1136)
at java.base/java.util.concurrent.ThreadPoolExecutor$Worker.run(ThreadPoolExecutor.java:635)
at java.base/java.lang.Thread.run(Thread.java:833)
... Removed 21 stack frames]]>
    </failure>
  </testcase> <!-- @AfterClass afterclass -->
  <testcase classname="Package.MainPage" name="MainPage" time="59.532">
    <failure type="org.openqa.selenium.NoSuchElementException" message="An element could not be located on the page using the given search parameters.
For documentation on this error, please visit: https://www.selenium.dev/documentation/webdriver/troubleshooting/errors#no-such-element-exception
Build info: version: &amp;apos;4.11.0&amp;apos;, revision: &amp;apos;040bc5406b&amp;apos;
System info: os.name: &amp;apos;Windows 11&amp;apos;, os.arch: &amp;apos;amd64&amp;apos;, os.version: &amp;apos;10.0&amp;apos;, java.version: &amp;apos;17.0.4&amp;apos;
Driver info: io.appium.java_client.android.AndroidDriver
Command: [c53c92d5-22b7-4c1a-aa0d-233dc5018c44, findElement {using=id, value=com.momkn.newapp:id/et_amount}]
Capabilities {appium:app: C:\Users\Lenovo\eclipse-wor..., appium:appPackage: com.momkn.newapp, appium:databaseEnabled: false, appium:desired: {app: C:\Users\Lenovo\eclipse-wor..., deviceName: MTP USB Device, platformName: ANDROID, platformVersion: 7.1.2}, appium:deviceApiLevel: 25, appium:deviceManufacturer: PAX, appium:deviceModel: A920, appium:deviceName: 0822314754, appium:deviceScreenDensity: 320, appium:deviceScreenSize: 720x1280, appium:deviceUDID: 0822314754, appium:javascriptEnabled: true, appium:locationContextEnabled: false, appium:networkConnectionEnabled: true, appium:pixelRatio: 2, appium:platformVersion: 7.1.2, appium:statBarHeight: 48, appium:takesScreenshot: true, appium:viewportRect: {height: 1136, left: 0, top: 48, width: 720}, appium:warnings: {}, appium:webStorageEnabled: false, platformName: ANDROID}
Session ID: c53c92d5-22b7-4c1a-aa0d-233dc5018c44">
      <![CDATA[org.openqa.selenium.NoSuchElementException: An element could not be located on the page using the given search parameters.
For documentation on this error, please visit: https://www.selenium.dev/documentation/webdriver/troubleshooting/errors#no-such-element-exception
Build info: version: '4.11.0', revision: '040bc5406b'
System info: os.name: 'Windows 11', os.arch: 'amd64', os.version: '10.0', java.version: '17.0.4'
Driver info: io.appium.java_client.android.AndroidDriver
Command: [c53c92d5-22b7-4c1a-aa0d-233dc5018c44, findElement {using=id, value=com.momkn.newapp:id/et_amount}]
Capabilities {appium:app: C:\Users\Lenovo\eclipse-wor..., appium:appPackage: com.momkn.newapp, appium:databaseEnabled: false, appium:desired: {app: C:\Users\Lenovo\eclipse-wor..., deviceName: MTP USB Device, platformName: ANDROID, platformVersion: 7.1.2}, appium:deviceApiLevel: 25, appium:deviceManufacturer: PAX, appium:deviceModel: A920, appium:deviceName: 0822314754, appium:deviceScreenDensity: 320, appium:deviceScreenSize: 720x1280, appium:deviceUDID: 0822314754, appium:javascriptEnabled: true, appium:locationContextEnabled: false, appium:networkConnectionEnabled: true, appium:pixelRatio: 2, appium:platformVersion: 7.1.2, appium:statBarHeight: 48, appium:takesScreenshot: true, appium:viewportRect: {height: 1136, left: 0, top: 48, width: 720}, appium:warnings: {}, appium:webStorageEnabled: false, platformName: ANDROID}
Session ID: c53c92d5-22b7-4c1a-aa0d-233dc5018c44
at org.openqa.selenium.remote.codec.w3c.W3CHttpResponseCodec.createException(W3CHttpResponseCodec.java:200)
at org.openqa.selenium.remote.codec.w3c.W3CHttpResponseCodec.decode(W3CHttpResponseCodec.java:133)
at org.openqa.selenium.remote.codec.w3c.W3CHttpResponseCodec.decode(W3CHttpResponseCodec.java:52)
at org.openqa.selenium.remote.HttpCommandExecutor.execute(HttpCommandExecutor.java:191)
at io.appium.java_client.remote.AppiumCommandExecutor.execute(AppiumCommandExecutor.java:250)
at org.openqa.selenium.remote.RemoteWebDriver.execute(RemoteWebDriver.java:518)
at org.openqa.selenium.remote.ElementLocation$ElementFinder$2.findElement(ElementLocation.java:165)
at org.openqa.selenium.remote.ElementLocation.findElement(ElementLocation.java:59)
at org.openqa.selenium.remote.RemoteWebDriver.findElement(RemoteWebDriver.java:355)
at org.openqa.selenium.remote.RemoteWebDriver.findElement(RemoteWebDriver.java:349)
at Package.Redec.Redec(Redec.java:33)
at Package.MainPage.MainPage(MainPage.java:23)
at java.base/java.util.ArrayList.forEach(ArrayList.java:1511)
at java.base/java.util.concurrent.FutureTask.run(FutureTask.java:264)
at java.base/java.util.concurrent.ThreadPoolExecutor.runWorker(ThreadPoolExecutor.java:1136)
at java.base/java.util.concurrent.ThreadPoolExecutor$Worker.run(ThreadPoolExecutor.java:635)
at java.base/java.lang.Thread.run(Thread.java:833)
... Removed 22 stack frames]]>
    </failure>
  </testcase> <!-- MainPage -->
</testsuite> <!-- Test -->
